# Minimum fragment length = 4
# Using bin width = 1
# Number of crossovers = 6
# RASPP took 61.85 secs
# RASPP found 972 results
# RASPP found 30 unique (<E>,<m>) points
# RASPP curve took 0.16 secs
# <E>	<m>	crossover points
2.0000	12.0000	5 9 29 41 71 513 
3.0000	13.0000	5 9 29 41 86 512 
4.0000	14.0000	5 9 29 41 114 512 
4.5000	18.0000	5 9 29 41 450 467 
5.5000	20.0000	5 9 29 41 71 450 
6.0000	22.5000	6 19 34 416 430 450 
6.0000	23.0000	6 19 41 416 430 450 
7.0000	25.5000	7 29 86 416 437 467 
8.0000	27.5000	8 31 86 397 430 467 
8.0000	28.5000	8 31 114 397 430 467 
9.5000	30.5000	9 44 337 370 450 480 
6.5000	32.5000	5 9 29 41 86 337 
6.5000	33.0000	5 9 29 41 90 337 
7.5000	34.0000	5 9 29 41 114 316 
10.5000	35.5000	5 9 29 41 114 310 
11.0000	36.0000	5 9 29 41 127 337 
12.0000	37.0000	6 19 34 71 143 316 
13.0000	39.9062	5 9 29 41 71 285 
13.0000	40.7344	5 9 29 41 285 316 
13.0000	41.8125	5 9 29 71 285 316 
13.0000	42.4062	6 19 34 90 285 316 
14.0000	43.4062	7 29 114 285 316 511 
15.0000	44.0469	8 31 114 285 316 450 
18.0000	45.5312	9 71 267 316 450 480 
18.0000	46.0938	9 90 267 316 450 480 
20.0000	47.0312	114 267 310 370 437 480 
22.5000	48.2500	5 14 203 267 316 450 
22.5000	49.9219	19 71 203 267 316 450 
22.5000	50.2031	29 118 203 267 316 450 
30.0000	51.0312	118 221 269 310 347 450 
