# Minimum fragment length = 4
# Using bin width = 1
# Number of crossovers = 6
# RASPP took 63.75 secs
# RASPP found 1026 results
# RASPP found 14 unique (<E>,<m>) points
# RASPP curve took 0.05 secs
# <E>	<m>	crossover points
8.5000	19.5000	9 49 88 121 485 509 
8.5000	21.0000	9 49 88 141 485 509 
8.5000	21.5000	49 88 121 143 485 509 
11.0000	22.5000	49 88 121 155 485 509 
19.0000	42.9688	49 286 354 414 443 485 
13.5000	43.6562	49 88 121 155 286 485 
14.5000	44.9375	9 49 121 168 286 485 
17.5000	46.2188	49 112 168 286 443 485 
18.5000	46.8125	9 49 168 286 443 485 
22.5000	48.2500	49 168 286 345 414 448 
24.0000	48.5000	49 168 286 308 395 448 
25.5000	49.9062	49 234 286 345 428 485 
26.5000	50.6875	52 219 286 345 428 443 
27.5000	51.5000	49 121 219 286 345 428 
